[2021-11-27T23:24:58.338] [DEBUG] cheese - login => username:admin,password:123456
[2021-11-27T23:24:58.340] [DEBUG] cheese - admin
[2021-11-27T23:24:58.349] [DEBUG] cheese - null
[2021-11-27T23:24:58.350] [DEBUG] cheese - null
[2021-11-27T23:31:21.168] [DEBUG] cheese - login => username:sza,password:mima
[2021-11-27T23:31:21.168] [DEBUG] cheese - sza
[2021-11-27T23:31:21.170] [DEBUG] cheese - null
[2021-11-27T23:31:21.170] [DEBUG] cheese - null
[2021-11-27T23:31:24.465] [DEBUG] cheese - login => username:sza,password:mima
[2021-11-27T23:31:24.465] [DEBUG] cheese - sza
[2021-11-27T23:31:24.467] [DEBUG] cheese - null
[2021-11-27T23:31:24.467] [DEBUG] cheese - null
[2021-11-27T23:31:26.585] [DEBUG] cheese - login => username:sza,password:mima
[2021-11-27T23:31:26.585] [DEBUG] cheese - sza
[2021-11-27T23:31:26.587] [DEBUG] cheese - null
[2021-11-27T23:31:26.587] [DEBUG] cheese - null
[2021-11-27T23:32:10.312] [DEBUG] cheese - login => username:sza,password:mima
[2021-11-27T23:32:10.312] [DEBUG] cheese - sza
[2021-11-27T23:32:10.313] [DEBUG] cheese - null
[2021-11-27T23:32:10.314] [DEBUG] cheese - null
[2021-11-27T23:35:37.941] [DEBUG] cheese - login => username:sza,password:mima
[2021-11-27T23:35:37.941] [DEBUG] cheese - sza
[2021-11-27T23:35:37.943] [DEBUG] cheese - null
[2021-11-27T23:35:37.943] [DEBUG] cheese - null
[2021-11-27T23:53:56.620] [DEBUG] cheese - login => username:szq,password:mima
[2021-11-27T23:53:56.621] [DEBUG] cheese - szq
[2021-11-27T23:53:56.623] [DEBUG] cheese - null
[2021-11-27T23:53:56.623] [DEBUG] cheese - null
[2021-11-27T23:58:17.876] [DEBUG] cheese - login => username:sza,password:mima
[2021-11-27T23:58:17.876] [DEBUG] cheese - sza
[2021-11-27T23:58:17.877] [DEBUG] cheese - null
[2021-11-27T23:58:17.877] [DEBUG] cheese - null
[2021-11-27T23:59:53.241] [DEBUG] cheese - login => username:sza,password:mima
[2021-11-27T23:59:53.241] [DEBUG] cheese - sza
[2021-11-27T23:59:53.243] [DEBUG] cheese - null
[2021-11-27T23:59:53.243] [DEBUG] cheese - null
[2021-11-28T00:02:16.025] [DEBUG] cheese - login => username:admin,password:123456
[2021-11-28T00:02:16.025] [DEBUG] cheese - admin
[2021-11-28T00:02:16.028] [DEBUG] cheese - null
[2021-11-28T00:02:16.028] [DEBUG] cheese - null
[2021-11-28T00:03:04.521] [DEBUG] cheese - login => username:admin,password:123456
[2021-11-28T00:03:04.521] [DEBUG] cheese - admin
[2021-11-28T00:03:04.522] [DEBUG] cheese - null
[2021-11-28T00:03:04.522] [DEBUG] cheese - null
[2021-11-28T00:04:55.723] [DEBUG] cheese - login => username:admin,password:123456
[2021-11-28T00:04:55.723] [DEBUG] cheese - admin
[2021-11-28T00:04:55.725] [DEBUG] cheese - null
[2021-11-28T00:04:55.725] [DEBUG] cheese - null
[2021-11-28T00:04:58.927] [DEBUG] cheese - login => username:admin,password:123456
[2021-11-28T00:04:58.928] [DEBUG] cheese - admin
[2021-11-28T00:04:58.929] [DEBUG] cheese - null
[2021-11-28T00:04:58.929] [DEBUG] cheese - null
[2021-11-28T00:07:07.940] [DEBUG] cheese - login => username:admin,password:123456
[2021-11-28T00:07:07.940] [DEBUG] cheese - admin
[2021-11-28T00:07:07.942] [DEBUG] cheese - null
[2021-11-28T00:07:07.942] [DEBUG] cheese - null
[2021-11-28T00:07:24.786] [DEBUG] cheese - login => username:admin,password:123456
[2021-11-28T00:07:24.786] [DEBUG] cheese - admin
[2021-11-28T00:07:24.788] [DEBUG] cheese - null
[2021-11-28T00:07:24.788] [DEBUG] cheese - null
[2021-11-28T00:07:27.684] [DEBUG] cheese - login => username:admin,password:123456
[2021-11-28T00:07:27.684] [DEBUG] cheese - admin
[2021-11-28T00:07:27.686] [DEBUG] cheese - null
[2021-11-28T00:07:27.686] [DEBUG] cheese - null
[2021-11-28T00:09:26.216] [DEBUG] cheese - login => username:admin,password:123456
[2021-11-28T00:09:26.216] [DEBUG] cheese - admin
[2021-11-28T00:09:26.217] [DEBUG] cheese - null
[2021-11-28T00:09:26.217] [DEBUG] cheese - null
[2021-11-28T00:16:37.709] [DEBUG] cheese - login => username:admin,password:123456
[2021-11-28T00:16:37.709] [DEBUG] cheese - admin
[2021-11-28T00:16:37.711] [DEBUG] cheese - null
[2021-11-28T00:16:37.711] [DEBUG] cheese - null
[2021-11-28T00:49:15.114] [DEBUG] cheese - login => username:admin,password:123456
[2021-11-28T00:49:15.114] [DEBUG] cheese - admin
[2021-11-28T00:49:15.117] [DEBUG] cheese - null
[2021-11-28T00:49:15.117] [DEBUG] cheese - null
[2021-11-28T00:49:21.575] [DEBUG] cheese - login => username:admin,password:123456
[2021-11-28T00:49:21.575] [DEBUG] cheese - admin
[2021-11-28T00:49:21.576] [DEBUG] cheese - null
[2021-11-28T00:49:21.576] [DEBUG] cheese - null
[2021-11-28T00:49:53.589] [DEBUG] cheese - login => username:admin,password:123456
[2021-11-28T00:49:53.589] [DEBUG] cheese - admin
[2021-11-28T00:49:53.590] [DEBUG] cheese - null
[2021-11-28T00:49:53.590] [DEBUG] cheese - null
[2021-11-28T00:50:15.664] [DEBUG] cheese - login => username:admin,password:123456
[2021-11-28T00:50:15.664] [DEBUG] cheese - admin
[2021-11-28T00:50:15.666] [DEBUG] cheese - null
[2021-11-28T00:50:15.666] [DEBUG] cheese - null
[2021-11-28T00:54:29.061] [DEBUG] cheese - login => username:admin,password:123456
[2021-11-28T00:54:29.061] [DEBUG] cheese - admin
[2021-11-28T00:54:29.063] [DEBUG] cheese - null
[2021-11-28T00:54:29.063] [DEBUG] cheese - null
[2021-11-28T14:06:37.080] [DEBUG] cheese - login => username:admin,password:123456
[2021-11-28T14:06:37.081] [DEBUG] cheese - admin
[2021-11-28T14:06:37.099] [DEBUG] cheese - null
[2021-11-28T14:06:37.100] [DEBUG] cheese - null
[2021-11-28T20:34:35.311] [DEBUG] cheese - login => username:admin,password:123456
[2021-11-28T20:34:35.311] [DEBUG] cheese - admin
[2021-11-28T20:34:35.323] [DEBUG] cheese - null
[2021-11-28T20:34:35.323] [DEBUG] cheese - null
[2021-11-28T22:16:47.357] [DEBUG] cheese - login => username:admin,password:123456
[2021-11-28T22:16:47.358] [DEBUG] cheese - admin
[2021-11-28T22:16:47.362] [DEBUG] cheese - null
[2021-11-28T22:16:47.362] [DEBUG] cheese - null
[2021-11-28T22:46:35.054] [DEBUG] cheese - login => username:admin,password:123456
[2021-11-28T22:46:35.054] [DEBUG] cheese - admin
[2021-11-28T22:46:35.057] [DEBUG] cheese - null
[2021-11-28T22:46:35.057] [DEBUG] cheese - null
[2021-11-28T22:50:21.417] [DEBUG] cheese - login => username:admin,password:123456
[2021-11-28T22:50:21.417] [DEBUG] cheese - admin
[2021-11-28T22:50:21.420] [DEBUG] cheese - null
[2021-11-28T22:50:21.420] [DEBUG] cheese - null
[2021-11-28T22:51:23.230] [DEBUG] cheese - login => username:admin,password:123456
[2021-11-28T22:51:23.230] [DEBUG] cheese - admin
[2021-11-28T22:51:23.232] [DEBUG] cheese - null
[2021-11-28T22:51:23.233] [DEBUG] cheese - null
[2021-11-28T22:53:14.895] [DEBUG] cheese - login => username:admin,password:123456
[2021-11-28T22:53:14.895] [DEBUG] cheese - admin
[2021-11-28T22:53:14.898] [DEBUG] cheese - null
[2021-11-28T22:53:14.898] [DEBUG] cheese - null
[2021-11-28T23:31:51.152] [DEBUG] cheese - login => username:admin,password:123456
[2021-11-28T23:31:51.152] [DEBUG] cheese - admin
[2021-11-28T23:31:51.155] [DEBUG] cheese - null
[2021-11-28T23:31:51.155] [DEBUG] cheese - null
[2021-11-28T23:31:56.055] [DEBUG] cheese - login => username:admin,password:123456
[2021-11-28T23:31:56.055] [DEBUG] cheese - admin
[2021-11-28T23:31:56.057] [DEBUG] cheese - null
[2021-11-28T23:31:56.057] [DEBUG] cheese - null
[2021-11-28T23:31:57.848] [DEBUG] cheese - login => username:admin,password:123456
[2021-11-28T23:31:57.848] [DEBUG] cheese - admin
[2021-11-28T23:31:57.850] [DEBUG] cheese - null
[2021-11-28T23:31:57.850] [DEBUG] cheese - null
[2021-11-28T23:32:04.154] [DEBUG] cheese - login => username:admin,password:123456
[2021-11-28T23:32:04.154] [DEBUG] cheese - admin
[2021-11-28T23:32:04.156] [DEBUG] cheese - null
[2021-11-28T23:32:04.156] [DEBUG] cheese - null
[2021-11-28T23:32:27.307] [DEBUG] cheese - login => username:admin,password:123456
[2021-11-28T23:32:27.307] [DEBUG] cheese - admin
[2021-11-28T23:32:27.309] [DEBUG] cheese - null
[2021-11-28T23:32:27.309] [DEBUG] cheese - null
[2021-11-28T23:32:41.322] [DEBUG] cheese - login => username:admin,password:123456
[2021-11-28T23:32:41.322] [DEBUG] cheese - admin
[2021-11-28T23:32:41.324] [DEBUG] cheese - null
[2021-11-28T23:32:41.324] [DEBUG] cheese - null
[2021-11-29T10:58:57.591] [DEBUG] cheese - login => username:admin,password:123456
[2021-11-29T10:58:57.592] [DEBUG] cheese - admin
[2021-11-29T10:58:57.601] [DEBUG] cheese - null
[2021-11-29T10:58:57.601] [DEBUG] cheese - null
[2021-11-29T11:00:07.764] [DEBUG] cheese - login => username:admin,password:123456
[2021-11-29T11:00:07.764] [DEBUG] cheese - admin
[2021-11-29T11:00:07.766] [DEBUG] cheese - null
[2021-11-29T11:00:07.766] [DEBUG] cheese - null
[2021-11-29T11:00:20.618] [DEBUG] cheese - login => username:admin,password:123456
[2021-11-29T11:00:20.618] [DEBUG] cheese - admin
[2021-11-29T11:00:20.621] [DEBUG] cheese - null
[2021-11-29T11:00:20.621] [DEBUG] cheese - null
[2021-11-29T11:06:29.813] [DEBUG] cheese - login => username:admin,password:123456
[2021-11-29T11:06:29.814] [DEBUG] cheese - admin
[2021-11-29T11:06:29.818] [DEBUG] cheese - null
[2021-11-29T11:06:29.818] [DEBUG] cheese - null
[2021-11-29T18:59:36.957] [DEBUG] cheese - login => username:admin,password:123456
[2021-11-29T18:59:36.957] [DEBUG] cheese - admin
[2021-11-29T18:59:36.960] [DEBUG] cheese - null
[2021-11-29T18:59:36.960] [DEBUG] cheese - null
[2021-11-29T19:42:15.664] [DEBUG] cheese - login => username:admin,password:123456
[2021-11-29T19:42:15.665] [DEBUG] cheese - admin
[2021-11-29T19:42:15.669] [DEBUG] cheese - null
[2021-11-29T19:42:15.669] [DEBUG] cheese - null
